<?xml version="1.0" encoding="UTF-8"?>
<testng-results skipped="0" failed="0" ignored="0" total="1" passed="1">
  <reporter-output>
  </reporter-output>
  <suite name="Default suite" duration-ms="1950" started-at="2018-07-09T08:07:58Z" finished-at="2018-07-09T08:08:00Z">
    <groups>
    </groups>
    <test name="Default test" duration-ms="1950" started-at="2018-07-09T08:07:58Z" finished-at="2018-07-09T08:08:00Z">
      <class name="com.qait.automationtest.test2.test2_main">
        <test-method status="PASS" signature="start()[pri:0, instance:com.qait.automationtest.test2.test2_main@12cdcf4]" name="start" is-config="true" duration-ms="746" started-at="2018-07-09T08:07:58Z" finished-at="2018-07-09T08:07:59Z">
          <reporter-output>
          </reporter-output>
        </test-method> <!-- start -->
        <test-method status="PASS" signature="broken_images()[pri:0, instance:com.qait.automationtest.test2.test2_main@12cdcf4]" name="broken_images" duration-ms="1192" started-at="2018-07-09T08:07:59Z" finished-at="2018-07-09T08:08:00Z">
          <reporter-output>
          </reporter-output>
        </test-method> <!-- broken_images -->
      </class> <!-- com.qait.automationtest.test2.test2_main -->
    </test> <!-- Default test -->
  </suite> <!-- Default suite -->
</testng-results>
